<?xml version="1.0" encoding="UTF-8"?>
<testng-results skipped="0" failed="0" total="1" passed="1">
  <reporter-output>
  </reporter-output>
  <suite name="Tests" duration-ms="11418" started-at="2014-08-26T14:41:45Z" finished-at="2014-08-26T14:41:57Z">
    <groups>
    </groups>
    <test name="Test1" duration-ms="11418" started-at="2014-08-26T14:41:45Z" finished-at="2014-08-26T14:41:57Z">
      <class name="gfdg.gfdgt.tt.SampleTestNgTest">
        <test-method status="PASS" signature="initWebDriverFactory()[pri:0, instance:gfdg.gfdgt.tt.SampleTestNgTest@b684286]" name="initWebDriverFactory" is-config="true" duration-ms="48" started-at="2014-08-26T17:41:45Z" finished-at="2014-08-26T17:41:45Z">
          <reporter-output>
          </reporter-output>
        </test-method> <!-- initWebDriverFactory -->
        <test-method status="PASS" signature="initWebDriver()[pri:0, instance:gfdg.gfdgt.tt.SampleTestNgTest@b684286]" name="initWebDriver" is-config="true" duration-ms="7403" started-at="2014-08-26T17:41:45Z" finished-at="2014-08-26T17:41:53Z">
          <reporter-output>
          </reporter-output>
        </test-method> <!-- initWebDriver -->
        <test-method status="PASS" signature="initPageObjects()[pri:0, instance:gfdg.gfdgt.tt.SampleTestNgTest@b684286]" name="initPageObjects" is-config="true" duration-ms="40" started-at="2014-08-26T17:41:53Z" finished-at="2014-08-26T17:41:53Z">
          <reporter-output>
          </reporter-output>
        </test-method> <!-- initPageObjects -->
        <test-method status="PASS" signature="testHomePageHasAHeader()[pri:0, instance:gfdg.gfdgt.tt.SampleTestNgTest@b684286]" name="testHomePageHasAHeader" duration-ms="3959" started-at="2014-08-26T17:41:53Z" finished-at="2014-08-26T17:41:57Z">
          <reporter-output>
          </reporter-output>
        </test-method> <!-- testHomePageHasAHeader -->
        <test-method status="PASS" signature="tearDown()[pri:0, instance:gfdg.gfdgt.tt.SampleTestNgTest@b684286]" name="tearDown" is-config="true" duration-ms="80" started-at="2014-08-26T17:41:57Z" finished-at="2014-08-26T17:41:57Z">
          <reporter-output>
          </reporter-output>
        </test-method> <!-- tearDown -->
      </class> <!-- gfdg.gfdgt.tt.SampleTestNgTest -->
    </test> <!-- Test1 -->
  </suite> <!-- Tests -->
</testng-results>
